# JRE version: Java(TM) SE Runtime Environment (8.0_411) (build 1.8.0_411-b09)
# Java VM: Java HotSpot(TM) 64-Bit Server VM (25.411-b09 mixed mode windows-amd64 compressed oops)
Heap:
 PSYoungGen      total 112128K, used 5885K [0x00000000e0800000, 0x00000000e8400000, 0x0000000100000000)
  eden space 98304K, 5% used [0x00000000e0800000,0x00000000e0dbf538,0x00000000e6800000)
  from space 13824K, 0% used [0x00000000e7680000,0x00000000e7680000,0x00000000e8400000)
  to   space 14336K, 0% used [0x00000000e6800000,0x00000000e6800000,0x00000000e7600000)
 ParOldGen       total 68608K, used 18656K [0x00000000a1800000, 0x00000000a5b00000, 0x00000000e0800000)
  object space 68608K, 27% used [0x00000000a1800000,0x00000000a2a38070,0x00000000a5b00000)
 Metaspace       used 21685K, capacity 21928K, committed 22144K, reserved 1069056K
  class space    used 2763K, capacity 2856K, committed 2944K, reserved 1048576K
GC Heap History (10 events):
Event: 1.319 GC heap before
{Heap before GC invocations=3 (full 0):
 PSYoungGen      total 28672K, used 28643K [0x00000000e0800000, 0x00000000e4000000, 0x0000000100000000)
  eden space 24576K, 100% used [0x00000000e0800000,0x00000000e2000000,0x00000000e2000000)
  from space 4096K, 99% used [0x00000000e2400000,0x00000000e27f8d50,0x00000000e2800000)
  to   space 4096K, 0% used [0x00000000e2000000,0x00000000e2000000,0x00000000e2400000)
 ParOldGen       total 65536K, used 2464K [0x00000000a1800000, 0x00000000a5800000, 0x00000000e0800000)
  object space 65536K, 3% used [0x00000000a1800000,0x00000000a1a680f0,0x00000000a5800000)
 Metaspace       used 10595K, capacity 10784K, committed 10880K, reserved 1058816K
  class space    used 1290K, capacity 1352K, committed 1408K, reserved 1048576K
Event: 1.326 GC heap after
Heap after GC invocations=3 (full 0):
 PSYoungGen      total 28672K, used 4086K [0x00000000e0800000, 0x00000000e4000000, 0x0000000100000000)
  eden space 24576K, 0% used [0x00000000e0800000,0x00000000e0800000,0x00000000e2000000)
  from space 4096K, 99% used [0x00000000e2000000,0x00000000e23fdb00,0x00000000e2400000)
  to   space 4096K, 0% used [0x00000000e3c00000,0x00000000e3c00000,0x00000000e4000000)
 ParOldGen       total 65536K, used 6628K [0x00000000a1800000, 0x00000000a5800000, 0x00000000e0800000)
  object space 65536K, 10% used [0x00000000a1800000,0x00000000a1e79238,0x00000000a5800000)
 Metaspace       used 10595K, capacity 10784K, committed 10880K, reserved 1058816K
  class space    used 1290K, capacity 1352K, committed 1408K, reserved 1048576K
}
Event: 1.804 GC heap before
{Heap before GC invocations=4 (full 0):
 PSYoungGen      total 28672K, used 28662K [0x00000000e0800000, 0x00000000e4000000, 0x0000000100000000)
  eden space 24576K, 100% used [0x00000000e0800000,0x00000000e2000000,0x00000000e2000000)
  from space 4096K, 99% used [0x00000000e2000000,0x00000000e23fdb00,0x00000000e2400000)
  to   space 4096K, 0% used [0x00000000e3c00000,0x00000000e3c00000,0x00000000e4000000)
 ParOldGen       total 65536K, used 6628K [0x00000000a1800000, 0x00000000a5800000, 0x00000000e0800000)
  object space 65536K, 10% used [0x00000000a1800000,0x00000000a1e79238,0x00000000a5800000)
 Metaspace       used 13331K, capacity 13548K, committed 13824K, reserved 1060864K
  class space    used 1681K, capacity 1738K, committed 1792K, reserved 1048576K
Event: 1.813 GC heap after
Heap after GC invocations=4 (full 0):
 PSYoungGen      total 53248K, used 4081K [0x00000000e0800000, 0x00000000e4000000, 0x0000000100000000)
  eden space 49152K, 0% used [0x00000000e0800000,0x00000000e0800000,0x00000000e3800000)
  from space 4096K, 99% used [0x00000000e3c00000,0x00000000e3ffc6d8,0x00000000e4000000)
  to   space 4096K, 0% used [0x00000000e3800000,0x00000000e3800000,0x00000000e3c00000)
 ParOldGen       total 65536K, used 11976K [0x00000000a1800000, 0x00000000a5800000, 0x00000000e0800000)
  object space 65536K, 18% used [0x00000000a1800000,0x00000000a23b2028,0x00000000a5800000)
 Metaspace       used 13331K, capacity 13548K, committed 13824K, reserved 1060864K
  class space    used 1681K, capacity 1738K, committed 1792K, reserved 1048576K
}
Event: 3.082 GC heap before
{Heap before GC invocations=5 (full 0):
 PSYoungGen      total 53248K, used 53233K [0x00000000e0800000, 0x00000000e4000000, 0x0000000100000000)
  eden space 49152K, 100% used [0x00000000e0800000,0x00000000e3800000,0x00000000e3800000)
  from space 4096K, 99% used [0x00000000e3c00000,0x00000000e3ffc6d8,0x00000000e4000000)
  to   space 4096K, 0% used [0x00000000e3800000,0x00000000e3800000,0x00000000e3c00000)
 ParOldGen       total 65536K, used 11976K [0x00000000a1800000, 0x00000000a5800000, 0x00000000e0800000)
  object space 65536K, 18% used [0x00000000a1800000,0x00000000a23b2028,0x00000000a5800000)
 Metaspace       used 19319K, capacity 19534K, committed 19840K, reserved 1067008K
  class space    used 2515K, capacity 2587K, committed 2688K, reserved 1048576K
Event: 3.099 GC heap after
Heap after GC invocations=5 (full 0):
 PSYoungGen      total 53248K, used 4064K [0x00000000e0800000, 0x00000000e8500000, 0x0000000100000000)
  eden space 49152K, 0% used [0x00000000e0800000,0x00000000e0800000,0x00000000e3800000)
  from space 4096K, 99% used [0x00000000e3800000,0x00000000e3bf8030,0x00000000e3c00000)
  to   space 14848K, 0% used [0x00000000e7680000,0x00000000e7680000,0x00000000e8500000)
 ParOldGen       total 65536K, used 21960K [0x00000000a1800000, 0x00000000a5800000, 0x00000000e0800000)
  object space 65536K, 33% used [0x00000000a1800000,0x00000000a2d722a0,0x00000000a5800000)
 Metaspace       used 19319K, capacity 19534K, committed 19840K, reserved 1067008K
  class space    used 2515K, capacity 2587K, committed 2688K, reserved 1048576K
}
Event: 3.887 GC heap before
{Heap before GC invocations=6 (full 0):
 PSYoungGen      total 53248K, used 33245K [0x00000000e0800000, 0x00000000e8500000, 0x0000000100000000)
  eden space 49152K, 59% used [0x00000000e0800000,0x00000000e247f420,0x00000000e3800000)
  from space 4096K, 99% used [0x00000000e3800000,0x00000000e3bf8030,0x00000000e3c00000)
  to   space 14848K, 0% used [0x00000000e7680000,0x00000000e7680000,0x00000000e8500000)
 ParOldGen       total 65536K, used 21960K [0x00000000a1800000, 0x00000000a5800000, 0x00000000e0800000)
  object space 65536K, 33% used [0x00000000a1800000,0x00000000a2d722a0,0x00000000a5800000)
 Metaspace       used 20829K, capacity 21032K, committed 21248K, reserved 1067008K
  class space    used 2663K, capacity 2728K, committed 2816K, reserved 1048576K
Event: 3.900 GC heap after
Heap after GC invocations=6 (full 0):
 PSYoungGen      total 112128K, used 6598K [0x00000000e0800000, 0x00000000e8400000, 0x0000000100000000)
  eden space 98304K, 0% used [0x00000000e0800000,0x00000000e0800000,0x00000000e6800000)
  from space 13824K, 47% used [0x00000000e7680000,0x00000000e7cf1868,0x00000000e8400000)
  to   space 14336K, 0% used [0x00000000e6800000,0x00000000e6800000,0x00000000e7600000)
 ParOldGen       total 65536K, used 21968K [0x00000000a1800000, 0x00000000a5800000, 0x00000000e0800000)
  object space 65536K, 33% used [0x00000000a1800000,0x00000000a2d742a0,0x00000000a5800000)
 Metaspace       used 20829K, capacity 21032K, committed 21248K, reserved 1067008K
  class space    used 2663K, capacity 2728K, committed 2816K, reserved 1048576K
}
Event: 3.900 GC heap before
{Heap before GC invocations=7 (full 1):
 PSYoungGen      total 112128K, used 6598K [0x00000000e0800000, 0x00000000e8400000, 0x0000000100000000)
  eden space 98304K, 0% used [0x00000000e0800000,0x00000000e0800000,0x00000000e6800000)
  from space 13824K, 47% used [0x00000000e7680000,0x00000000e7cf1868,0x00000000e8400000)
  to   space 14336K, 0% used [0x00000000e6800000,0x00000000e6800000,0x00000000e7600000)
 ParOldGen       total 65536K, used 21968K [0x00000000a1800000, 0x00000000a5800000, 0x00000000e0800000)
  object space 65536K, 33% used [0x00000000a1800000,0x00000000a2d742a0,0x00000000a5800000)
 Metaspace       used 20829K, capacity 21032K, committed 21248K, reserved 1067008K
  class space    used 2663K, capacity 2728K, committed 2816K, reserved 1048576K
Event: 3.985 GC heap after
Heap after GC invocations=7 (full 1):
 PSYoungGen      total 112128K, used 0K [0x00000000e0800000, 0x00000000e8400000, 0x0000000100000000)
  eden space 98304K, 0% used [0x00000000e0800000,0x00000000e0800000,0x00000000e6800000)
  from space 13824K, 0% used [0x00000000e7680000,0x00000000e7680000,0x00000000e8400000)
  to   space 14336K, 0% used [0x00000000e6800000,0x00000000e6800000,0x00000000e7600000)
 ParOldGen       total 68608K, used 18656K [0x00000000a1800000, 0x00000000a5b00000, 0x00000000e0800000)
  object space 68608K, 27% used [0x00000000a1800000,0x00000000a2a38070,0x00000000a5b00000)
 Metaspace       used 20829K, capacity 21032K, committed 21248K, reserved 1067008K
  class space    used 2663K, capacity 2728K, committed 2816K, reserved 1048576K
}

