# JRE version: Java(TM) SE Runtime Environment (8.0_411) (build 1.8.0_411-b09)
# Java VM: Java HotSpot(TM) 64-Bit Server VM (25.411-b09 mixed mode windows-amd64 compressed oops)
Heap:
 PSYoungGen      total 112128K, used 7804K [0x00000000e0800000, 0x00000000e8400000, 0x0000000100000000)
  eden space 98304K, 7% used [0x00000000e0800000,0x00000000e0f9f110,0x00000000e6800000)
  from space 13824K, 0% used [0x00000000e7680000,0x00000000e7680000,0x00000000e8400000)
  to   space 14336K, 0% used [0x00000000e6800000,0x00000000e6800000,0x00000000e7600000)
 ParOldGen       total 72192K, used 23565K [0x00000000a1800000, 0x00000000a5e80000, 0x00000000e0800000)
  object space 72192K, 32% used [0x00000000a1800000,0x00000000a2f034d8,0x00000000a5e80000)
 Metaspace       used 21808K, capacity 22110K, committed 22400K, reserved 1069056K
  class space    used 2768K, capacity 2865K, committed 2944K, reserved 1048576K
GC Heap History (10 events):
Event: 2.160 GC heap before
{Heap before GC invocations=3 (full 0):
 PSYoungGen      total 28672K, used 28668K [0x00000000e0800000, 0x00000000e4000000, 0x0000000100000000)
  eden space 24576K, 100% used [0x00000000e0800000,0x00000000e2000000,0x00000000e2000000)
  from space 4096K, 99% used [0x00000000e2400000,0x00000000e27ff2b0,0x00000000e2800000)
  to   space 4096K, 0% used [0x00000000e2000000,0x00000000e2000000,0x00000000e2400000)
 ParOldGen       total 65536K, used 2479K [0x00000000a1800000, 0x00000000a5800000, 0x00000000e0800000)
  object space 65536K, 3% used [0x00000000a1800000,0x00000000a1a6bd50,0x00000000a5800000)
 Metaspace       used 10601K, capacity 10784K, committed 10880K, reserved 1058816K
  class space    used 1290K, capacity 1352K, committed 1408K, reserved 1048576K
Event: 2.180 GC heap after
Heap after GC invocations=3 (full 0):
 PSYoungGen      total 28672K, used 4064K [0x00000000e0800000, 0x00000000e4000000, 0x0000000100000000)
  eden space 24576K, 0% used [0x00000000e0800000,0x00000000e0800000,0x00000000e2000000)
  from space 4096K, 99% used [0x00000000e2000000,0x00000000e23f8050,0x00000000e2400000)
  to   space 4096K, 0% used [0x00000000e3c00000,0x00000000e3c00000,0x00000000e4000000)
 ParOldGen       total 65536K, used 6649K [0x00000000a1800000, 0x00000000a5800000, 0x00000000e0800000)
  object space 65536K, 10% used [0x00000000a1800000,0x00000000a1e7e580,0x00000000a5800000)
 Metaspace       used 10601K, capacity 10784K, committed 10880K, reserved 1058816K
  class space    used 1290K, capacity 1352K, committed 1408K, reserved 1048576K
}
Event: 2.611 GC heap before
{Heap before GC invocations=4 (full 0):
 PSYoungGen      total 28672K, used 28640K [0x00000000e0800000, 0x00000000e4000000, 0x0000000100000000)
  eden space 24576K, 100% used [0x00000000e0800000,0x00000000e2000000,0x00000000e2000000)
  from space 4096K, 99% used [0x00000000e2000000,0x00000000e23f8050,0x00000000e2400000)
  to   space 4096K, 0% used [0x00000000e3c00000,0x00000000e3c00000,0x00000000e4000000)
 ParOldGen       total 65536K, used 6649K [0x00000000a1800000, 0x00000000a5800000, 0x00000000e0800000)
  object space 65536K, 10% used [0x00000000a1800000,0x00000000a1e7e580,0x00000000a5800000)
 Metaspace       used 13336K, capacity 13548K, committed 13824K, reserved 1060864K
  class space    used 1680K, capacity 1738K, committed 1792K, reserved 1048576K
Event: 2.622 GC heap after
Heap after GC invocations=4 (full 0):
 PSYoungGen      total 53248K, used 4086K [0x00000000e0800000, 0x00000000e4000000, 0x0000000100000000)
  eden space 49152K, 0% used [0x00000000e0800000,0x00000000e0800000,0x00000000e3800000)
  from space 4096K, 99% used [0x00000000e3c00000,0x00000000e3ffdad8,0x00000000e4000000)
  to   space 4096K, 0% used [0x00000000e3800000,0x00000000e3800000,0x00000000e3c00000)
 ParOldGen       total 65536K, used 12031K [0x00000000a1800000, 0x00000000a5800000, 0x00000000e0800000)
  object space 65536K, 18% used [0x00000000a1800000,0x00000000a23bff20,0x00000000a5800000)
 Metaspace       used 13336K, capacity 13548K, committed 13824K, reserved 1060864K
  class space    used 1680K, capacity 1738K, committed 1792K, reserved 1048576K
}
Event: 4.238 GC heap before
{Heap before GC invocations=5 (full 0):
 PSYoungGen      total 53248K, used 53238K [0x00000000e0800000, 0x00000000e4000000, 0x0000000100000000)
  eden space 49152K, 100% used [0x00000000e0800000,0x00000000e3800000,0x00000000e3800000)
  from space 4096K, 99% used [0x00000000e3c00000,0x00000000e3ffdad8,0x00000000e4000000)
  to   space 4096K, 0% used [0x00000000e3800000,0x00000000e3800000,0x00000000e3c00000)
 ParOldGen       total 65536K, used 12031K [0x00000000a1800000, 0x00000000a5800000, 0x00000000e0800000)
  object space 65536K, 18% used [0x00000000a1800000,0x00000000a23bff20,0x00000000a5800000)
 Metaspace       used 19345K, capacity 19598K, committed 20096K, reserved 1067008K
  class space    used 2515K, capacity 2587K, committed 2688K, reserved 1048576K
Event: 4.263 GC heap after
Heap after GC invocations=5 (full 0):
 PSYoungGen      total 53248K, used 4064K [0x00000000e0800000, 0x00000000e8500000, 0x0000000100000000)
  eden space 49152K, 0% used [0x00000000e0800000,0x00000000e0800000,0x00000000e3800000)
  from space 4096K, 99% used [0x00000000e3800000,0x00000000e3bf8030,0x00000000e3c00000)
  to   space 14848K, 0% used [0x00000000e7680000,0x00000000e7680000,0x00000000e8500000)
 ParOldGen       total 65536K, used 21544K [0x00000000a1800000, 0x00000000a5800000, 0x00000000e0800000)
  object space 65536K, 32% used [0x00000000a1800000,0x00000000a2d0a368,0x00000000a5800000)
 Metaspace       used 19345K, capacity 19598K, committed 20096K, reserved 1067008K
  class space    used 2515K, capacity 2587K, committed 2688K, reserved 1048576K
}
Event: 5.385 GC heap before
{Heap before GC invocations=6 (full 0):
 PSYoungGen      total 53248K, used 37114K [0x00000000e0800000, 0x00000000e8500000, 0x0000000100000000)
  eden space 49152K, 67% used [0x00000000e0800000,0x00000000e2846a38,0x00000000e3800000)
  from space 4096K, 99% used [0x00000000e3800000,0x00000000e3bf8030,0x00000000e3c00000)
  to   space 14848K, 0% used [0x00000000e7680000,0x00000000e7680000,0x00000000e8500000)
 ParOldGen       total 65536K, used 21544K [0x00000000a1800000, 0x00000000a5800000, 0x00000000e0800000)
  object space 65536K, 32% used [0x00000000a1800000,0x00000000a2d0a368,0x00000000a5800000)
 Metaspace       used 20864K, capacity 21086K, committed 21248K, reserved 1067008K
  class space    used 2662K, capacity 2737K, committed 2816K, reserved 1048576K
Event: 5.398 GC heap after
Heap after GC invocations=6 (full 0):
 PSYoungGen      total 112128K, used 6809K [0x00000000e0800000, 0x00000000e8400000, 0x0000000100000000)
  eden space 98304K, 0% used [0x00000000e0800000,0x00000000e0800000,0x00000000e6800000)
  from space 13824K, 49% used [0x00000000e7680000,0x00000000e7d266e8,0x00000000e8400000)
  to   space 14336K, 0% used [0x00000000e6800000,0x00000000e6800000,0x00000000e7600000)
 ParOldGen       total 65536K, used 21552K [0x00000000a1800000, 0x00000000a5800000, 0x00000000e0800000)
  object space 65536K, 32% used [0x00000000a1800000,0x00000000a2d0c368,0x00000000a5800000)
 Metaspace       used 20864K, capacity 21086K, committed 21248K, reserved 1067008K
  class space    used 2662K, capacity 2737K, committed 2816K, reserved 1048576K
}
Event: 5.398 GC heap before
{Heap before GC invocations=7 (full 1):
 PSYoungGen      total 112128K, used 6809K [0x00000000e0800000, 0x00000000e8400000, 0x0000000100000000)
  eden space 98304K, 0% used [0x00000000e0800000,0x00000000e0800000,0x00000000e6800000)
  from space 13824K, 49% used [0x00000000e7680000,0x00000000e7d266e8,0x00000000e8400000)
  to   space 14336K, 0% used [0x00000000e6800000,0x00000000e6800000,0x00000000e7600000)
 ParOldGen       total 65536K, used 21552K [0x00000000a1800000, 0x00000000a5800000, 0x00000000e0800000)
  object space 65536K, 32% used [0x00000000a1800000,0x00000000a2d0c368,0x00000000a5800000)
 Metaspace       used 20864K, capacity 21086K, committed 21248K, reserved 1067008K
  class space    used 2662K, capacity 2737K, committed 2816K, reserved 1048576K
Event: 5.528 GC heap after
Heap after GC invocations=7 (full 1):
 PSYoungGen      total 112128K, used 0K [0x00000000e0800000, 0x00000000e8400000, 0x0000000100000000)
  eden space 98304K, 0% used [0x00000000e0800000,0x00000000e0800000,0x00000000e6800000)
  from space 13824K, 0% used [0x00000000e7680000,0x00000000e7680000,0x00000000e8400000)
  to   space 14336K, 0% used [0x00000000e6800000,0x00000000e6800000,0x00000000e7600000)
 ParOldGen       total 72192K, used 23565K [0x00000000a1800000, 0x00000000a5e80000, 0x00000000e0800000)
  object space 72192K, 32% used [0x00000000a1800000,0x00000000a2f034d8,0x00000000a5e80000)
 Metaspace       used 20864K, capacity 21086K, committed 21248K, reserved 1067008K
  class space    used 2662K, capacity 2737K, committed 2816K, reserved 1048576K
}

